"Start of log file."
"C:/Users/student/Desktop/WATERS~1/Assets/RESOUR~1/Models/MainTank/TANK&S~1.MAX"
"Starting max loading and fbx conversion"
window = undefined
"Settings units"
"Before fbx export"
"After fbx export"
"Finished max loading and fbx conversion"
"C:/Users/student/Desktop/WATERS~1/Assets/RESOUR~1/Models/MainTank/TANKWA~2.MAX"
"Starting max loading and fbx conversion"
window = undefined
"Settings units"
"Before fbx export"
"After fbx export"
"Finished max loading and fbx conversion"
"C:/Users/student/Desktop/WATERS~1/Assets/RESOUR~1/Models/MainTank/SLUDGE~1/SLUDGE~1.MAX"
"Starting max loading and fbx conversion"
window = undefined
"Settings units"
"Before fbx export"
"After fbx export"
"Finished max loading and fbx conversion"
"C:/Users/student/Desktop/WATERS~1/Assets/RESOUR~1/Models/MainTank/WaterOBJ.max"
"Starting max loading and fbx conversion"
window = undefined
"Settings units"
"Before fbx export"
"After fbx export"
"Finished max loading and fbx conversion"
"C:/Users/student/Desktop/WATERS~1/Assets/RESOUR~1/Models/MainTank/TANKWA~1.MAX"
"Starting max loading and fbx conversion"
window = undefined
"Settings units"
"Before fbx export"
"After fbx export"
"Finished max loading and fbx conversion"
"C:/Users/student/Desktop/WATERS~1/Assets/RESOUR~1/Models/SLUDGE~1/SLUDGE~1.MAX"
"Starting max loading and fbx conversion"
window = undefined
"Settings units"
"Before fbx export"
"After fbx export"
"Finished max loading and fbx conversion"
"C:/Users/student/Desktop/WATERS~1/Assets/RESOUR~1/Models/MainTank/TANK&S~2.MAX"
"Starting max loading and fbx conversion"
window = undefined
"Settings units"
"Before fbx export"
"After fbx export"
"Finished max loading and fbx conversion"
"C:/Users/student/Desktop/WATERS~1/Assets/RESOUR~1/Models/MainTank/EFFECT~1.MAX"
"Starting max loading and fbx conversion"
window = undefined
"Settings units"
"Before fbx export"
"After fbx export"
"Finished max loading and fbx conversion"
