"Start of log file."
"C:/Users/student/DOCUME~1/GitHub/EONWAT~1/MASTER~1.0/Assets/RESOUR~1/Models/IMPELL~1.MAX"
"Starting max loading and fbx conversion"
window = undefined
"Settings units"
"Before fbx export"
"After fbx export"
"Finished max loading and fbx conversion"
"C:/Users/student/DOCUME~1/GitHub/EONWAT~1/MASTER~1.0/Assets/RESOUR~1/Models/PPE/HardHat.max"
"Starting max loading and fbx conversion"
window = undefined
"Settings units"
"Before fbx export"
"After fbx export"
"Finished max loading and fbx conversion"
"C:/Users/student/DOCUME~1/GitHub/EONWAT~1/MASTER~1.0/Assets/RESOUR~1/Models/Meters/INFRAR~1.MAX"
"Starting max loading and fbx conversion"
window = undefined
"Settings units"
"Before fbx export"
"After fbx export"
"Finished max loading and fbx conversion"
"C:/Users/student/DOCUME~1/GitHub/EONWAT~1/MASTER~1.0/Assets/RESOUR~1/Models/EARPRO~1.MAX"
"Starting max loading and fbx conversion"
window = undefined
"Settings units"
"Before fbx export"
"After fbx export"
"Finished max loading and fbx conversion"
"C:/Users/student/DOCUME~1/GitHub/EONWAT~1/MASTER~1.0/Assets/RESOUR~1/Models/MainTank/TANK&S~1.MAX"
"Starting max loading and fbx conversion"
window = undefined
"Settings units"
"Before fbx export"
"After fbx export"
"Finished max loading and fbx conversion"
"C:/Users/student/DOCUME~1/GitHub/EONWAT~1/MASTER~1.0/Assets/RESOUR~1/Models/LOTO/LOCKOU~1.MAX"
"Starting max loading and fbx conversion"
window = undefined
"Settings units"
"Before fbx export"
"After fbx export"
"Finished max loading and fbx conversion"
"C:/Users/student/DOCUME~1/GitHub/EONWAT~1/MASTER~1.0/Assets/RESOUR~1/Models/MainTank/TANKWA~2.MAX"
"Starting max loading and fbx conversion"
window = undefined
"Settings units"
"Before fbx export"
"After fbx export"
"Finished max loading and fbx conversion"
"C:/Users/student/DOCUME~1/GitHub/EONWAT~1/MASTER~1.0/Assets/RESOUR~1/Models/PPE/EARPRO~1.MAX"
"Starting max loading and fbx conversion"
window = undefined
"Settings units"
"Before fbx export"
"After fbx export"
"Finished max loading and fbx conversion"
"C:/Users/student/DOCUME~1/GitHub/EONWAT~1/MASTER~1.0/Assets/RESOUR~1/Models/HardHat.max"
"Starting max loading and fbx conversion"
window = undefined
"Settings units"
"Before fbx export"
"After fbx export"
"Finished max loading and fbx conversion"
"C:/Users/student/DOCUME~1/GitHub/EONWAT~1/MASTER~1.0/Assets/RESOUR~1/Models/PPE/SAFETY~1.MAX"
"Starting max loading and fbx conversion"
window = undefined
"Settings units"
"Before fbx export"
"After fbx export"
"Finished max loading and fbx conversion"
"C:/Users/student/DOCUME~1/GitHub/EONWAT~1/MASTER~1.0/Assets/RESOUR~1/Models/PPE/Boots.max"
"Starting max loading and fbx conversion"
window = undefined
"Settings units"
"Before fbx export"
"After fbx export"
"Finished max loading and fbx conversion"
"C:/Users/student/DOCUME~1/GitHub/EONWAT~1/MASTER~1.0/Assets/RESOUR~1/Models/MainTank/WaterOBJ.max"
"Starting max loading and fbx conversion"
window = undefined
"Settings units"
"Before fbx export"
"After fbx export"
"Finished max loading and fbx conversion"
"C:/Users/student/DOCUME~1/GitHub/EONWAT~1/MASTER~1.0/Assets/RESOUR~1/Models/LOTO/BREAKE~2.MAX"
"Starting max loading and fbx conversion"
window = undefined
"Settings units"
"Before fbx export"
"After fbx export"
"Finished max loading and fbx conversion"
"C:/Users/student/DOCUME~1/GitHub/EONWAT~1/MASTER~1.0/Assets/RESOUR~1/Models/MainTank/TANKWA~1.MAX"
"Starting max loading and fbx conversion"
window = undefined
"Settings units"
"Before fbx export"
"After fbx export"
"Finished max loading and fbx conversion"
"C:/Users/student/DOCUME~1/GitHub/EONWAT~1/MASTER~1.0/Assets/RESOUR~1/Models/SLUDGE~1/SLUDGE~1.MAX"
"Starting max loading and fbx conversion"
window = undefined
"Settings units"
"Before fbx export"
"After fbx export"
"Finished max loading and fbx conversion"
"C:/Users/student/DOCUME~1/GitHub/EONWAT~1/MASTER~1.0/Assets/RESOUR~1/Models/MainTank/TANK&S~2.MAX"
"Starting max loading and fbx conversion"
window = undefined
"Settings units"
"Before fbx export"
"After fbx export"
"Finished max loading and fbx conversion"
"C:/Users/student/DOCUME~1/GitHub/EONWAT~1/MASTER~1.0/Assets/RESOUR~1/Models/PPE/Gloves.max"
"Starting max loading and fbx conversion"
window = undefined
"Settings units"
"Before fbx export"
"After fbx export"
"Finished max loading and fbx conversion"
"C:/Users/student/DOCUME~1/GitHub/EONWAT~1/MASTER~1.0/Assets/RESOUR~1/Models/LOTO/VALVE_~1.MAX"
"Starting max loading and fbx conversion"
window = undefined
"Settings units"
"Before fbx export"
"After fbx export"
"Finished max loading and fbx conversion"
"C:/Users/student/DOCUME~1/GitHub/EONWAT~1/MASTER~1.0/Assets/RESOUR~1/Models/SAFETY~1.MAX"
"Starting max loading and fbx conversion"
window = undefined
"Settings units"
"Before fbx export"
"After fbx export"
"Finished max loading and fbx conversion"
"C:/Users/student/DOCUME~1/GitHub/EONWAT~1/MASTER~1.0/Assets/RESOUR~1/Models/Gloves.max"
"Starting max loading and fbx conversion"
window = undefined
"Settings units"
"Before fbx export"
"After fbx export"
"Finished max loading and fbx conversion"
"C:/Users/student/DOCUME~1/GitHub/EONWAT~1/MASTER~1.0/Assets/RESOUR~1/Models/LOTO/BREAKE~1.MAX"
"Starting max loading and fbx conversion"
window = undefined
"Settings units"
"Before fbx export"
"After fbx export"
"Finished max loading and fbx conversion"
"C:/Users/student/DOCUME~1/GitHub/EONWAT~1/MASTER~1.0/Assets/RESOUR~1/Models/PPE/BOOTS_~1.MAX"
"Starting max loading and fbx conversion"
window = undefined
"Finished max loading and fbx conversion"
